\BOOKMARK [1][-]{section*.4}{Introduction}{}% 1
\BOOKMARK [1][-]{section*.5}{Web-based Information Discovery and Curation}{}% 2
\BOOKMARK [2][-]{section*.6}{Information Behavior}{section*.5}% 3
\BOOKMARK [3][-]{section*.7}{Information Seeking Models}{section*.6}% 4
\BOOKMARK [3][-]{section*.8}{Information Exploration}{section*.6}% 5
\BOOKMARK [3][-]{section*.9}{Information Foraging}{section*.6}% 6
\BOOKMARK [3][-]{section*.10}{Information Discovery}{section*.6}% 7
\BOOKMARK [3][-]{section*.11}{Digital Curation}{section*.6}% 8
\BOOKMARK [2][-]{section*.12}{Web Tasks and Modes of Web Use}{section*.5}% 9
\BOOKMARK [2][-]{section*.13}{Collaborative Information Discovery and Curation}{section*.5}% 10
\BOOKMARK [2][-]{section*.14}{Summary}{section*.5}% 11
\BOOKMARK [1][-]{section*.15}{Methodology}{}% 12
\BOOKMARK [1][-]{section*.16}{Research Questions and Objective}{}% 13
\BOOKMARK [1][-]{section*.17}{Literature Review}{}% 14
\BOOKMARK [1][-]{section*.18}{Building and Refining the Conceptual Framework}{}% 15
\BOOKMARK [1][-]{section*.19}{Applying the Framework to the Design of an Information Discovery and Curation Application}{}% 16
\BOOKMARK [1][-]{section*.20}{Framework Validation}{}% 17
\BOOKMARK [1][-]{section*.21}{Limitations}{}% 18
\BOOKMARK [1][-]{section*.22}{Conclusion}{}% 19
\BOOKMARK [1][-]{section*.23}{Acknowledgments}{}% 20
\BOOKMARK [1][-]{section*.24}{REFERENCES }{}% 21
